2018-05-03T23:27:04.670+0000 I CONTROL  [initandlisten] MongoDB starting : pid=10040 port=27017 dbpath=/data/db 64-bit host=ip-172-31-30-53
2018-05-03T23:27:04.670+0000 I CONTROL  [initandlisten] db version v3.2.1
2018-05-03T23:27:04.670+0000 I CONTROL  [initandlisten] git version: a14d55980c2cdc565d4704a7e3ad37e4e535c1b2
2018-05-03T23:27:04.670+0000 I CONTROL  [initandlisten] allocator: tcmalloc
2018-05-03T23:27:04.670+0000 I CONTROL  [initandlisten] modules: none
2018-05-03T23:27:04.670+0000 I CONTROL  [initandlisten] build environment:
2018-05-03T23:27:04.670+0000 I CONTROL  [initandlisten]     distarch: x86_64
2018-05-03T23:27:04.670+0000 I CONTROL  [initandlisten]     target_arch: x86_64
2018-05-03T23:27:04.670+0000 I CONTROL  [initandlisten] options: {}
2018-05-03T23:27:04.692+0000 I -        [initandlisten] Detected data files in /data/db created by the 'wiredTiger' storage engine, so setting the active storage engine to 'wiredTiger'.
2018-05-03T23:27:04.692+0000 I STORAGE  [initandlisten] wiredtiger_open config: create,cache_size=1G,session_max=20000,eviction=(threads_max=4),config_base=false,statistics=(fast),log=(enabled=true,archive=true,path=journal,compressor=snappy),file_manager=(close_idle_time=100000),checkpoint=(wait=60,log_size=2GB),statistics_log=(wait=0),
2018-05-03T23:27:04.925+0000 I CONTROL  [initandlisten] 
2018-05-03T23:27:04.925+0000 I CONTROL  [initandlisten] ** WARNING: /sys/kernel/mm/transparent_hugepage/enabled is 'always'.
2018-05-03T23:27:04.925+0000 I CONTROL  [initandlisten] **        We suggest setting it to 'never'
2018-05-03T23:27:04.925+0000 I CONTROL  [initandlisten] 
2018-05-03T23:27:04.925+0000 I CONTROL  [initandlisten] ** WARNING: /sys/kernel/mm/transparent_hugepage/defrag is 'always'.
2018-05-03T23:27:04.925+0000 I CONTROL  [initandlisten] **        We suggest setting it to 'never'
2018-05-03T23:27:04.925+0000 I CONTROL  [initandlisten] 
2018-05-03T23:27:04.930+0000 I FTDC     [initandlisten] Initializing full-time diagnostic data capture with directory '/data/db/diagnostic.data'
2018-05-03T23:27:04.930+0000 I NETWORK  [HostnameCanonicalizationWorker] Starting hostname canonicalization worker
2018-05-03T23:27:04.931+0000 I NETWORK  [initandlisten] waiting for connections on port 27017
2018-05-03T23:27:10.882+0000 I NETWORK  [initandlisten] connection accepted from 127.0.0.1:39580 #1 (1 connection now open)
2018-05-03T23:28:32.914+0000 I NETWORK  [conn1] end connection 127.0.0.1:39580 (0 connections now open)

> grocery@0.0.0 start /home/bitnami/Grocery-Website
> node ./bin/www

2018-05-03T23:29:20.822+0000 I NETWORK  [initandlisten] connection accepted from 127.0.0.1:39581 #2 (1 connection now open)
Connected to Database
[0mGET / [36m304 [0m5.666 ms - -[0m
[0mGET /css/font-awesome.min.css [36m304 [0m3.013 ms - -[0m
[0mGET /css/bootstrap.min.css [36m304 [0m2.899 ms - -[0m
[0mGET /css/lightbox.css [36m304 [0m2.753 ms - -[0m
[0mGET /css/animate.min.css [36m304 [0m2.614 ms - -[0m
[0mGET /css/main.css [36m304 [0m2.580 ms - -[0m
[0mGET /js/jquery.js [36m304 [0m0.631 ms - -[0m
[0mGET /css/responsive.css [36m304 [0m0.457 ms - -[0m
[0mGET /js/lightbox.min.js [36m304 [0m0.256 ms - -[0m
[0mGET /js/bootstrap.min.js [36m304 [0m0.202 ms - -[0m
[0mGET /js/foods-autocomplete.js [36m304 [0m0.719 ms - -[0m
[0mGET /js/jquery.autocomplete.js [36m304 [0m0.705 ms - -[0m
[0mGET /js/wow.min.js [36m304 [0m0.902 ms - -[0m
[0mGET /js/main.js [36m304 [0m0.266 ms - -[0m
[0mGET /fonts/fontawesome-webfont.woff2?v=4.3.0 [36m304 [0m0.234 ms - -[0m
[0mGET /js/searchjavascript.js [36m304 [0m0.199 ms - -[0m
[0mGET /images/FoodHubLogo.png [36m304 [0m0.181 ms - -[0m
[0mGET /images/home/footer.png [36m304 [0m0.532 ms - -[0m
[0mGET /js/jqueryOwn.js [36m304 [0m0.349 ms - -[0m
[0mGET /images/home/tour-bg.png [36m304 [0m0.283 ms - -[0m
[0mGET /images/lightbox/close.png [36m304 [0m1.105 ms - -[0m
[0mGET /images/lightbox/prev.png [36m304 [0m0.999 ms - -[0m
[0mGET /images/lightbox/next.png [36m304 [0m1.304 ms - -[0m
[0mGET /images/lightbox/loading.gif [36m304 [0m1.266 ms - -[0m
2018-05-03T23:31:53.290+0000 I NETWORK  [initandlisten] connection accepted from 127.0.0.1:39588 #3 (2 connections now open)
[0mGET / [36m304 [0m0.441 ms - -[0m
[0mGET /css/bootstrap.min.css [36m304 [0m1.142 ms - -[0m
[0mGET /css/font-awesome.min.css [36m304 [0m0.896 ms - -[0m
[0mGET /css/main.css [36m304 [0m2.406 ms - -[0m
[0mGET /css/lightbox.css [36m304 [0m2.572 ms - -[0m
[0mGET /css/animate.min.css [36m304 [0m1.470 ms - -[0m
[0mGET /css/responsive.css [36m304 [0m1.049 ms - -[0m
[0mGET /js/jquery.js [36m304 [0m2.110 ms - -[0m
[0mGET /js/bootstrap.min.js [36m304 [0m0.719 ms - -[0m
[0mGET /js/lightbox.min.js [36m304 [0m0.352 ms - -[0m
[0mGET /js/wow.min.js [36m304 [0m0.283 ms - -[0m
[0mGET /js/jquery.autocomplete.js [36m304 [0m1.518 ms - -[0m
[0mGET /js/foods-autocomplete.js [36m304 [0m0.273 ms - -[0m
[0mGET /js/main.js [36m304 [0m0.683 ms - -[0m
[0mGET /js/searchjavascript.js [36m304 [0m0.200 ms - -[0m
[0mGET /js/jqueryOwn.js [36m304 [0m0.183 ms - -[0m
[0mGET /images/FoodHubLogo.png [36m304 [0m0.177 ms - -[0m
[0mGET /images/home/footer.png [36m304 [0m0.172 ms - -[0m
[0mGET /images/home/tour-bg.png [36m304 [0m0.173 ms - -[0m
[0mGET /images/lightbox/close.png [36m304 [0m0.537 ms - -[0m
[0mGET /images/lightbox/loading.gif [36m304 [0m1.263 ms - -[0m
[0mGET /images/lightbox/prev.png [36m304 [0m0.380 ms - -[0m
[0mGET /images/lightbox/next.png [36m304 [0m0.259 ms - -[0m
[0mGET /fonts/fontawesome-webfont.woff2?v=4.3.0 [36m304 [0m0.267 ms - -[0m
[0mGET /favicon.ico [33m404 [0m292.670 ms - 1706[0m
[0mGET / [32m200 [0m2.991 ms - 47088[0m
[0mGET /images/ico/apple-touch-icon-144-precomposed.png [32m200 [0m1.326 ms - 16780[0m
[0mGET / [36m304 [0m0.767 ms - -[0m
[0mGET /css/bootstrap.min.css [36m304 [0m2.838 ms - -[0m
[0mGET /css/font-awesome.min.css [36m304 [0m0.541 ms - -[0m
[0mGET /css/lightbox.css [36m304 [0m0.428 ms - -[0m
[0mGET /css/animate.min.css [36m304 [0m0.423 ms - -[0m
[0mGET /css/responsive.css [36m304 [0m0.242 ms - -[0m
[0mGET /css/main.css [36m304 [0m0.187 ms - -[0m
[0mGET /js/jquery.js [36m304 [0m0.454 ms - -[0m
[0mGET /js/bootstrap.min.js [36m304 [0m0.280 ms - -[0m
[0mGET /js/lightbox.min.js [36m304 [0m0.211 ms - -[0m
[0mGET /js/wow.min.js [36m304 [0m0.319 ms - -[0m
[0mGET /js/jquery.autocomplete.js [36m304 [0m0.196 ms - -[0m
[0mGET /js/foods-autocomplete.js [36m304 [0m0.198 ms - -[0m
[0mGET /js/main.js [36m304 [0m0.251 ms - -[0m
[0mGET /js/searchjavascript.js [36m304 [0m0.487 ms - -[0m
[0mGET /js/jqueryOwn.js [36m304 [0m0.183 ms - -[0m
[0mGET /images/FoodHubLogo.png [36m304 [0m0.237 ms - -[0m
[0mGET /images/home/footer.png [36m304 [0m1.914 ms - -[0m
[0mGET /fonts/fontawesome-webfont.woff2?v=4.3.0 [36m304 [0m0.246 ms - -[0m
[0mGET /images/home/tour-bg.png [36m304 [0m0.208 ms - -[0m
[0mGET /images/lightbox/loading.gif [36m304 [0m0.522 ms - -[0m
[0mGET /images/lightbox/close.png [36m304 [0m0.406 ms - -[0m
[0mGET /images/lightbox/prev.png [36m304 [0m0.783 ms - -[0m
[0mGET /images/lightbox/next.png [36m304 [0m0.199 ms - -[0m
[0mGET /images/ico/favicon.ico [32m200 [0m1.330 ms - 1150[0m
[0mGET / [36m304 [0m0.319 ms - -[0m
[0mGET /css/bootstrap.min.css [36m304 [0m1.300 ms - -[0m
[0mGET /css/font-awesome.min.css [36m304 [0m0.585 ms - -[0m
[0mGET /css/responsive.css [36m304 [0m1.994 ms - -[0m
[0mGET /css/lightbox.css [36m304 [0m2.019 ms - -[0m
[0mGET /css/animate.min.css [36m304 [0m0.667 ms - -[0m
[0mGET /css/main.css [36m304 [0m0.185 ms - -[0m
[0mGET /js/jquery.js [36m304 [0m0.235 ms - -[0m
[0mGET /js/bootstrap.min.js [36m304 [0m0.180 ms - -[0m
[0mGET /js/lightbox.min.js [36m304 [0m0.544 ms - -[0m
[0mGET /js/wow.min.js [36m304 [0m0.434 ms - -[0m
[0mGET /js/jquery.autocomplete.js [36m304 [0m0.275 ms - -[0m
[0mGET /js/foods-autocomplete.js [36m304 [0m0.178 ms - -[0m
[0mGET /js/main.js [36m304 [0m0.361 ms - -[0m
[0mGET /fonts/fontawesome-webfont.woff2?v=4.3.0 [36m304 [0m0.214 ms - -[0m
[0mGET /js/jqueryOwn.js [36m304 [0m0.535 ms - -[0m
[0mGET /js/searchjavascript.js [36m304 [0m0.514 ms - -[0m
[0mGET /images/FoodHubLogo.png [36m304 [0m0.204 ms - -[0m
[0mGET /images/home/footer.png [36m304 [0m0.576 ms - -[0m
[0mGET /images/home/tour-bg.png [36m304 [0m0.178 ms - -[0m
[0mGET /images/lightbox/close.png [36m304 [0m0.507 ms - -[0m
[0mGET /images/lightbox/loading.gif [36m304 [0m0.407 ms - -[0m
[0mGET /images/lightbox/prev.png [36m304 [0m0.190 ms - -[0m
[0mGET /images/lightbox/next.png [36m304 [0m0.191 ms - -[0m
POST user route
{ UserName: 'William', GroceryList: [], WeeklyRecipes: [] }
{ GroceryList: [],
  WeeklyRecipes: {},
  _id: 5aeb9ffdf99a3b7527c1d502,
  UserName: 'William' }
{ GroceryList: [],
  WeeklyRecipes: {},
  _id: 5aeb9ffdf99a3b7527c1d502,
  UserName: 'William',
  __v: 0 }
[0mPOST /user [32m200 [0m70.017 ms - 2[0m
[0mGET / [36m304 [0m2.869 ms - -[0m
[0mGET /css/bootstrap.min.css [36m304 [0m4.502 ms - -[0m
[0mGET /css/font-awesome.min.css [36m304 [0m1.259 ms - -[0m
[0mGET /css/lightbox.css [36m304 [0m1.291 ms - -[0m
[0mGET /css/animate.min.css [36m304 [0m2.149 ms - -[0m
[0mGET /css/responsive.css [36m304 [0m2.103 ms - -[0m
[0mGET /css/main.css [36m304 [0m0.316 ms - -[0m
[0mGET /js/jquery.js [36m304 [0m0.261 ms - -[0m
[0mGET /js/bootstrap.min.js [36m304 [0m0.198 ms - -[0m
[0mGET /js/lightbox.min.js [36m304 [0m0.213 ms - -[0m
[0mGET /js/wow.min.js [36m304 [0m0.554 ms - -[0m
[0mGET /js/jquery.autocomplete.js [36m304 [0m0.496 ms - -[0m
[0mGET /js/foods-autocomplete.js [36m304 [0m0.272 ms - -[0m
[0mGET /js/searchjavascript.js [36m304 [0m0.203 ms - -[0m
[0mGET /js/main.js [36m304 [0m0.280 ms - -[0m
[0mGET /fonts/fontawesome-webfont.woff2?v=4.3.0 [36m304 [0m0.851 ms - -[0m
[0mGET /images/FoodHubLogo.png [36m304 [0m0.518 ms - -[0m
[0mGET /js/jqueryOwn.js [36m304 [0m0.529 ms - -[0m
[0mGET /images/home/footer.png [36m304 [0m0.195 ms - -[0m
[0mGET /images/home/tour-bg.png [36m304 [0m0.445 ms - -[0m
[0mGET /images/lightbox/close.png [36m304 [0m0.525 ms - -[0m
[0mGET /images/lightbox/loading.gif [36m304 [0m1.933 ms - -[0m
[0mGET /images/lightbox/prev.png [36m304 [0m2.309 ms - -[0m
[0mGET /images/lightbox/next.png [36m304 [0m0.343 ms - -[0m
2018-05-04T00:10:12.357+0000 I CONTROL  [signalProcessingThread] got signal 1 (Hangup), will terminate after current cmd ends
2018-05-04T00:10:12.359+0000 I FTDC     [signalProcessingThread] Shutting down full-time diagnostic data capture
2018-05-04T00:10:12.366+0000 I NETWORK  [conn2] end connection 127.0.0.1:39581 (1 connection now open)
2018-05-04T00:10:12.366+0000 I NETWORK  [conn3] end connection 127.0.0.1:39588 (1 connection now open)
2018-05-04T00:10:12.370+0000 I CONTROL  [signalProcessingThread] now exiting
2018-05-04T00:10:12.370+0000 I NETWORK  [signalProcessingThread] shutdown: going to close listening sockets...
2018-05-04T00:10:12.370+0000 I NETWORK  [signalProcessingThread] closing listening socket: 5
2018-05-04T00:10:12.370+0000 I NETWORK  [signalProcessingThread] closing listening socket: 6
2018-05-04T00:10:12.370+0000 I NETWORK  [signalProcessingThread] removing socket file: /tmp/mongodb-27017.sock
2018-05-04T00:10:12.376+0000 I NETWORK  [signalProcessingThread] shutdown: going to flush diaglog...
2018-05-04T00:10:12.376+0000 I NETWORK  [signalProcessingThread] shutdown: going to close sockets...
2018-05-04T00:10:12.376+0000 I STORAGE  [signalProcessingThread] WiredTigerKVEngine shutting down
2018-05-04T00:10:12.477+0000 I STORAGE  [signalProcessingThread] shutdown: removing fs lock...
2018-05-04T00:10:12.477+0000 I CONTROL  [signalProcessingThread] dbexit:  rc: 0

> grocery@0.0.0 start /home/bitnami/Grocery-Website
> node ./bin/www

connection error: { [MongoError: connect ECONNREFUSED 127.0.0.1:27017]
  name: 'MongoError',
  message: 'connect ECONNREFUSED 127.0.0.1:27017' }
[0mGET / [36m304 [0m8.918 ms - -[0m
[0mGET /css/bootstrap.min.css [36m304 [0m1.602 ms - -[0m
[0mGET /css/font-awesome.min.css [36m304 [0m0.672 ms - -[0m
[0mGET /css/animate.min.css [36m304 [0m0.601 ms - -[0m
[0mGET /css/main.css [36m304 [0m0.334 ms - -[0m
[0mGET /css/lightbox.css [36m304 [0m1.152 ms - -[0m
[0mGET /js/jquery.js [36m304 [0m1.097 ms - -[0m
[0mGET /css/responsive.css [36m304 [0m0.935 ms - -[0m
[0mGET /css/lightbox.css [36m304 [0m0.495 ms - -[0m
[0mGET /js/bootstrap.min.js [36m304 [0m0.315 ms - -[0m
[0mGET /js/lightbox.min.js [36m304 [0m0.285 ms - -[0m
[0mGET /js/wow.min.js [36m304 [0m0.282 ms - -[0m
[0mGET /js/jquery.autocomplete.js [36m304 [0m0.202 ms - -[0m
[0mGET /js/foods-autocomplete.js [36m304 [0m0.217 ms - -[0m
[0mGET /js/main.js [36m304 [0m0.647 ms - -[0m
[0mGET /fonts/fontawesome-webfont.woff2?v=4.3.0 [36m304 [0m0.272 ms - -[0m
[0mGET /css/main.css [36m304 [0m0.273 ms - -[0m
[0mGET /js/searchjavascript.js [36m304 [0m0.232 ms - -[0m
[0mGET /js/jqueryOwn.js [36m304 [0m0.306 ms - -[0m
[0mGET /images/FoodHubLogo.png [36m304 [0m0.213 ms - -[0m
[0mGET /images/home/footer.png [36m304 [0m0.295 ms - -[0m
[0mGET /images/home/tour-bg.png [36m304 [0m0.376 ms - -[0m
[0mGET /images/lightbox/close.png [36m304 [0m3.574 ms - -[0m
[0mGET /css/responsive.css [36m304 [0m3.571 ms - -[0m
[0mGET /images/lightbox/loading.gif [36m304 [0m0.199 ms - -[0m
[0mGET /images/lightbox/prev.png [36m304 [0m0.505 ms - -[0m
[0mGET /images/lightbox/next.png [36m304 [0m0.193 ms - -[0m
[0mGET /images/FoodHubLogo.png [36m304 [0m0.258 ms - -[0m
[0mGET /js/jquery.js [36m304 [0m0.265 ms - -[0m
[0mGET /js/bootstrap.min.js [36m304 [0m0.314 ms - -[0m
[0mGET /js/lightbox.min.js [36m304 [0m0.700 ms - -[0m
[0mGET /images/ico/favicon.ico [32m200 [0m4.150 ms - 1150[0m
[0mGET /js/wow.min.js [36m304 [0m0.211 ms - -[0m
[0mGET /js/jquery.autocomplete.js [36m304 [0m0.420 ms - -[0m
[0mGET /js/foods-autocomplete.js [36m304 [0m0.315 ms - -[0m
[0mGET /js/main.js [36m304 [0m0.867 ms - -[0m
[0mGET /js/searchjavascript.js [36m304 [0m0.296 ms - -[0m
[0mGET /js/jqueryOwn.js [36m304 [0m0.296 ms - -[0m
[0mGET / [36m304 [0m0.375 ms - -[0m
[0mGET /css/bootstrap.min.css [36m304 [0m0.313 ms - -[0m
[0mGET /css/font-awesome.min.css [36m304 [0m0.193 ms - -[0m
[0mGET /css/animate.min.css [36m304 [0m0.238 ms - -[0m
[0mGET /css/lightbox.css [36m304 [0m0.337 ms - -[0m
[0mGET /css/main.css [36m304 [0m0.629 ms - -[0m
[0mGET /css/responsive.css [36m304 [0m0.420 ms - -[0m
[0mGET /images/FoodHubLogo.png [36m304 [0m0.633 ms - -[0m
[0mGET /images/home/footer.png [36m304 [0m0.203 ms - -[0m
[0mGET /images/home/tour-bg.png [36m304 [0m0.210 ms - -[0m
[0mGET /fonts/fontawesome-webfont.woff2?v=4.3.0 [36m304 [0m0.178 ms - -[0m
[0mGET /images/lightbox/loading.gif [36m304 [0m0.252 ms - -[0m
[0mGET /images/lightbox/close.png [36m304 [0m0.180 ms - -[0m
[0mGET /images/lightbox/prev.png [36m304 [0m0.283 ms - -[0m
[0mGET /js/jquery.js [36m304 [0m0.160 ms - -[0m
[0mGET /images/lightbox/next.png [36m304 [0m0.229 ms - -[0m
[0mGET /js/bootstrap.min.js [36m304 [0m0.196 ms - -[0m
[0mGET /js/lightbox.min.js [36m304 [0m0.485 ms - -[0m
[0mGET /js/wow.min.js [36m304 [0m0.504 ms - -[0m
[0mGET /js/jquery.autocomplete.js [36m304 [0m0.231 ms - -[0m
[0mGET /js/foods-autocomplete.js [36m304 [0m0.346 ms - -[0m
[0mGET /js/main.js [36m304 [0m0.236 ms - -[0m
[0mGET /js/searchjavascript.js [36m304 [0m0.823 ms - -[0m
[0mGET /js/jqueryOwn.js [36m304 [0m0.187 ms - -[0m
[0mGET / [32m200 [0m4.579 ms - 47088[0m
[0mGET /images/ico/favicon.ico [32m200 [0m2.443 ms - 1150[0m
[0mGET / [32m200 [0m6.424 ms - 47088[0m
[0mGET / [32m200 [0m9.196 ms - 47088[0m
[0mGET /images/ico/favicon.ico [32m200 [0m1.065 ms - 1150[0m
[0mGET / [32m200 [0m0.467 ms - 47088[0m
[0mGET / [32m200 [0m0.522 ms - 47088[0m
[0mGET / [36m304 [0m0.411 ms - -[0m
[0mGET /css/bootstrap.min.css [36m304 [0m0.770 ms - -[0m
[0mGET /css/font-awesome.min.css [36m304 [0m0.224 ms - -[0m
[0mGET /css/animate.min.css [36m304 [0m0.190 ms - -[0m
[0mGET /css/responsive.css [36m304 [0m1.953 ms - -[0m
[0mGET /css/lightbox.css [36m304 [0m1.332 ms - -[0m
[0mGET /css/main.css [36m304 [0m0.202 ms - -[0m
[0mGET /js/jquery.js [36m304 [0m0.810 ms - -[0m
[0mGET /js/bootstrap.min.js [36m304 [0m0.610 ms - -[0m
[0mGET /js/lightbox.min.js [36m304 [0m0.438 ms - -[0m
[0mGET /js/wow.min.js [36m304 [0m0.643 ms - -[0m
[0mGET /js/jquery.autocomplete.js [36m304 [0m1.431 ms - -[0m
[0mGET /js/foods-autocomplete.js [36m304 [0m1.447 ms - -[0m
[0mGET /js/main.js [36m304 [0m0.278 ms - -[0m
[0mGET /js/searchjavascript.js [36m304 [0m0.176 ms - -[0m
[0mGET /js/jqueryOwn.js [36m304 [0m0.249 ms - -[0m
[0mGET /images/FoodHubLogo.png [36m304 [0m0.168 ms - -[0m
[0mGET /images/home/footer.png [36m304 [0m0.921 ms - -[0m
[0mGET /images/home/tour-bg.png [36m304 [0m1.337 ms - -[0m
[0mGET /fonts/fontawesome-webfont.woff2?v=4.3.0 [36m304 [0m0.799 ms - -[0m
[0mGET /images/lightbox/close.png [36m304 [0m0.731 ms - -[0m
[0mGET /images/lightbox/prev.png [36m304 [0m0.367 ms - -[0m
[0mGET /images/lightbox/loading.gif [36m304 [0m0.397 ms - -[0m
[0mGET /images/lightbox/next.png [36m304 [0m0.223 ms - -[0m
[0mGET / [32m200 [0m0.541 ms - 47088[0m
[0mGET / [32m200 [0m0.552 ms - 47088[0m
[0mGET / [32m200 [0m0.540 ms - 47088[0m
[0mGET /images/ico/favicon.ico [32m200 [0m0.482 ms - 1150[0m
[0mGET / [32m200 [0m2.732 ms - 47088[0m
[0mGET /images/ico/favicon.ico [32m200 [0m0.561 ms - 1150[0m
[0mGET / [32m200 [0m0.579 ms - 47088[0m
[0mGET / [32m200 [0m0.558 ms - 47088[0m
[0mGET /images/ico/favicon.ico [32m200 [0m0.940 ms - 1150[0m
[0mGET / [32m200 [0m0.514 ms - 47088[0m
[0mGET /images/ico/favicon.ico [32m200 [0m0.453 ms - 1150[0m
[0mGET / [32m200 [0m0.448 ms - 47088[0m
[0mGET / [32m200 [0m3.399 ms - 47088[0m
[0mGET / [32m200 [0m0.444 ms - 47088[0m
[0mGET /images/ico/favicon.ico [32m200 [0m0.609 ms - 1150[0m
[0mGET / [32m200 [0m1.615 ms - 47088[0m
[0mGET / [36m304 [0m0.301 ms - -[0m
[0mGET /css/font-awesome.min.css [36m304 [0m0.576 ms - -[0m
[0mGET /css/bootstrap.min.css [36m304 [0m0.533 ms - -[0m
[0mGET /css/animate.min.css [36m304 [0m0.188 ms - -[0m
[0mGET /css/main.css [36m304 [0m3.063 ms - -[0m
[0mGET /css/lightbox.css [36m304 [0m1.626 ms - -[0m
[0mGET /images/FoodHubLogo.png [36m304 [0m1.722 ms - -[0m
[0mGET /css/responsive.css [36m304 [0m1.561 ms - -[0m
[0mGET /js/jquery.js [36m304 [0m1.539 ms - -[0m
[0mGET /js/bootstrap.min.js [36m304 [0m0.289 ms - -[0m
[0mGET /js/lightbox.min.js [36m304 [0m0.189 ms - -[0m
[0mGET /js/wow.min.js [36m304 [0m0.281 ms - -[0m
[0mGET /js/jquery.autocomplete.js [36m304 [0m0.182 ms - -[0m
[0mGET /js/foods-autocomplete.js [36m304 [0m0.782 ms - -[0m
[0mGET /js/main.js [36m304 [0m0.190 ms - -[0m
[0mGET /js/searchjavascript.js [36m304 [0m0.406 ms - -[0m
[0mGET /js/jqueryOwn.js [36m304 [0m0.433 ms - -[0m
[0mGET /images/home/footer.png [36m304 [0m0.417 ms - -[0m
[0mGET /images/home/tour-bg.png [36m304 [0m1.536 ms - -[0m
[0mGET /images/lightbox/close.png [36m304 [0m0.916 ms - -[0m
[0mGET /images/lightbox/loading.gif [36m304 [0m0.550 ms - -[0m
[0mGET /images/lightbox/prev.png [36m304 [0m14.231 ms - -[0m
[0mGET /images/lightbox/next.png [36m304 [0m10.788 ms - -[0m
[0mGET /fonts/fontawesome-webfont.woff2?v=4.3.0 [36m304 [0m0.781 ms - -[0m
[0mGET /images/ico/favicon.ico [32m200 [0m0.464 ms - 1150[0m
[0mGET / [32m200 [0m0.415 ms - 47088[0m
[0mGET /images/ico/favicon.ico [32m200 [0m0.979 ms - 1150[0m
[0mGET / [32m200 [0m0.441 ms - 47088[0m
[0mGET /images/ico/favicon.ico [32m200 [0m0.462 ms - 1150[0m
[0mGET / [32m200 [0m0.462 ms - 47088[0m
[0mGET /images/ico/favicon.ico [32m200 [0m0.574 ms - 1150[0m
[0mGET / [32m200 [0m0.424 ms - 47088[0m
[0mGET / [32m200 [0m0.490 ms - 47088[0m
[0mGET /images/ico/favicon.ico [32m200 [0m0.449 ms - 1150[0m
[0mGET / [32m200 [0m0.578 ms - 47088[0m
[0mGET / [32m200 [0m0.459 ms - 47088[0m
[0mGET / [32m200 [0m0.576 ms - 47088[0m
[0mGET / [32m200 [0m0.457 ms - 47088[0m
[0mGET /images/ico/favicon.ico [32m200 [0m0.483 ms - 1150[0m
[0mGET / [32m200 [0m0.514 ms - 47088[0m
[0mGET /images/ico/favicon.ico [32m200 [0m0.543 ms - 1150[0m
[0mGET / [32m200 [0m0.463 ms - 47088[0m
[0mGET / [32m200 [0m0.480 ms - 47088[0m
[0mGET / [32m200 [0m0.522 ms - 47088[0m
[0mGET /css/font-awesome.min.css [32m200 [0m30.988 ms - 23739[0m
[0mGET /css/main.css [32m200 [0m2.471 ms - 44261[0m
[0mGET /css/lightbox.css [32m200 [0m2.912 ms - 3970[0m
[0mGET /css/animate.min.css [32m200 [0m2.656 ms - 55844[0m
[0mGET /css/responsive.css [32m200 [0m1.040 ms - 8982[0m
[0mGET /css/bootstrap.min.css [32m200 [0m31.060 ms - 117305[0m
[0mGET /js/bootstrap.min.js [32m200 [0m1.293 ms - 35951[0m
[0mGET /js/wow.min.js [32m200 [0m0.964 ms - 4776[0m
[0mGET /js/lightbox.min.js [32m200 [0m0.967 ms - 7800[0m
[0mGET /js/jquery.autocomplete.js [32m200 [0m1.073 ms - 33015[0m
[0mGET /js/jquery.js [32m200 [0m3.224 ms - 93106[0m
[0mGET /js/main.js [32m200 [0m2.876 ms - 6284[0m
[0mGET /js/searchjavascript.js [32m200 [0m1.309 ms - 16094[0m
[0mGET /js/jqueryOwn.js [32m200 [0m0.992 ms - 9178[0m
[0mGET /images/FoodHubLogo.png [32m200 [0m1.468 ms - 27851[0m
[0mGET /fonts/fontawesome-webfont.woff2?v=4.3.0 [32m200 [0m1.443 ms - 56780[0m
[0mGET /images/home/footer.png [32m200 [0m0.987 ms - 1618[0m
[0mGET /images/lightbox/close.png [32m200 [0m1.063 ms - 280[0m
[0mGET /images/lightbox/prev.png [32m200 [0m1.076 ms - 1360[0m
[0mGET /images/lightbox/loading.gif [32m200 [0m1.859 ms - 8476[0m
[0mGET /images/lightbox/next.png [32m200 [0m0.815 ms - 1350[0m
[0mGET /images/home/tour-bg.png [32m200 [0m0.899 ms - 6194454[0m
[0mGET /js/foods-autocomplete.js [32m200 [0m3.623 ms - 820645[0m
[0mGET / [32m200 [0m0.420 ms - 47088[0m
[0mGET /images/ico/favicon.ico [32m200 [0m0.452 ms - 1150[0m
[0mGET / [32m200 [0m0.466 ms - 47088[0m
[0mGET / [32m200 [0m0.546 ms - 47088[0m
[0mGET /images/ico/favicon.ico [32m200 [0m17.590 ms - 1150[0m
[0mGET / [32m200 [0m0.465 ms - 47088[0m
[0mGET / [32m200 [0m0.419 ms - 47088[0m
[0mGET /images/ico/favicon.ico [32m200 [0m7.233 ms - 1150[0m
[0mGET / [32m200 [0m0.573 ms - 47088[0m
[0mGET / [32m200 [0m0.459 ms - 47088[0m
[0mGET /images/ico/favicon.ico [32m200 [0m0.450 ms - 1150[0m
[0mGET / [32m200 [0m0.627 ms - 47088[0m
[0mGET / [32m200 [0m0.434 ms - 47088[0m
[0mGET / [32m200 [0m0.476 ms - 47088[0m
[0mGET /images/ico/favicon.ico [32m200 [0m0.414 ms - 1150[0m
[0mGET / [32m200 [0m0.552 ms - 47088[0m
[0mGET /images/ico/favicon.ico [32m200 [0m0.406 ms - 1150[0m
[0mGET / [32m200 [0m0.434 ms - 47088[0m
[0mGET / [32m200 [0m0.397 ms - 47088[0m
[0mGET / [32m200 [0m0.570 ms - 47088[0m
[0mGET /images/ico/favicon.ico [32m200 [0m0.574 ms - 1150[0m
[0mGET / [32m200 [0m0.455 ms - 47088[0m
[0mGET /images/ico/favicon.ico [32m200 [0m1.237 ms - 1150[0m
[0mGET / [32m200 [0m3.730 ms - 47088[0m
[0mGET / [32m200 [0m0.406 ms - 47088[0m
[0mGET /images/ico/favicon.ico [32m200 [0m0.435 ms - 1150[0m
[0mGET / [32m200 [0m0.558 ms - 47088[0m
[0mGET / [32m200 [0m2.073 ms - 47088[0m
[0mGET / [32m200 [0m1.458 ms - 47088[0m
[0mGET / [32m200 [0m0.479 ms - 47088[0m
[0mGET /images/ico/favicon.ico [32m200 [0m0.454 ms - 1150[0m
[0mGET / [32m200 [0m0.474 ms - 47088[0m
[0mGET /images/ico/favicon.ico [32m200 [0m0.473 ms - 1150[0m
[0mGET / [32m200 [0m0.428 ms - 47088[0m
[0mGET /images/ico/favicon.ico [32m200 [0m0.505 ms - 1150[0m
[0mGET / [32m200 [0m0.431 ms - 47088[0m
[0mGET / [32m200 [0m0.435 ms - 47088[0m
[0mGET /images/ico/favicon.ico [32m200 [0m0.431 ms - 1150[0m
[0mGET / [32m200 [0m0.559 ms - 47088[0m
[0mGET / [32m200 [0m0.456 ms - 47088[0m
[0mGET / [32m200 [0m4.205 ms - 47088[0m
[0mGET / [32m200 [0m6.192 ms - 47088[0m
[0mGET /images/ico/favicon.ico [32m200 [0m0.494 ms - 1150[0m
[0mGET / [32m200 [0m2.400 ms - 47088[0m
[0mGET / [32m200 [0m3.352 ms - 47088[0m
[0mGET / [32m200 [0m0.439 ms - 47088[0m
[0mPOST /polls/pic_submit/ [33m404 [0m597.845 ms - 1701[0m
[0mGET / [32m200 [0m1.083 ms - 47088[0m
[0mGET / [32m200 [0m0.670 ms - 47088[0m
[0mGET / [32m200 [0m0.595 ms - 47088[0m
[0mGET / [32m200 [0m0.480 ms - 47088[0m
[0mGET / [32m200 [0m0.480 ms - 47088[0m
[0mGET / [32m200 [0m0.495 ms - 47088[0m
[0mGET / [32m200 [0m0.458 ms - 47088[0m
[0mGET / [32m200 [0m0.537 ms - 47088[0m
[0mGET /images/ico/favicon.ico [32m200 [0m1.964 ms - 1150[0m
[0mGET / [32m200 [0m0.425 ms - 47088[0m
[0mGET / [32m200 [0m0.432 ms - 47088[0m
[0mGET / [32m200 [0m0.601 ms - 47088[0m
[0mGET /images/ico/favicon.ico [32m200 [0m0.585 ms - 1150[0m
[0mGET / [32m200 [0m0.437 ms - 47088[0m
[0mGET / [32m200 [0m0.983 ms - 47088[0m
[0mGET / [32m200 [0m0.540 ms - 47088[0m
[0mGET / [32m200 [0m1.819 ms - 47088[0m
[0mGET /images/ico/favicon.ico [32m200 [0m0.522 ms - 1150[0m
[0mGET / [32m200 [0m7.328 ms - 47088[0m
[0mGET / [32m200 [0m0.434 ms - 47088[0m
[0mGET / [32m200 [0m0.518 ms - 47088[0m
[0mGET / [32m200 [0m7.528 ms - 47088[0m
[0mGET / [32m200 [0m0.535 ms - 47088[0m
[0mGET / [32m200 [0m0.426 ms - 47088[0m
[0mGET / [32m200 [0m0.453 ms - 47088[0m
[0mGET / [32m200 [0m1.889 ms - 47088[0m
[0mGET / [32m200 [0m0.434 ms - 47088[0m
[0mGET / [32m200 [0m1.176 ms - 47088[0m
[0mGET /images/ico/favicon.ico [32m200 [0m1.967 ms - 1150[0m
[0mGET / [32m200 [0m0.504 ms - 47088[0m
[0mGET / [32m200 [0m0.479 ms - 47088[0m
[0mGET / [32m200 [0m0.458 ms - 47088[0m
[0mGET / [32m200 [0m0.949 ms - 47088[0m
[0mGET /images/ico/favicon.ico [32m200 [0m3.005 ms - 1150[0m
[0mGET / [32m200 [0m0.484 ms - 47088[0m
[0mGET / [32m200 [0m0.453 ms - 47088[0m
[0mGET / [32m200 [0m0.490 ms - 47088[0m
[0mGET / [32m200 [0m0.436 ms - 47088[0m
[0mGET / [32m200 [0m0.484 ms - 47088[0m
[0mGET / [32m200 [0m0.627 ms - 47088[0m
[0mGET / [32m200 [0m0.500 ms - 47088[0m
[0mGET / [32m200 [0m0.472 ms - 47088[0m
[0mGET / [32m200 [0m0.502 ms - 47088[0m
[0mGET /api/v1/repos/search?limit=1 [33m404 [0m82.046 ms - 1706[0m
[0mGET / [32m200 [0m0.493 ms - 47088[0m
[0mGET / [32m200 [0m0.569 ms - 47088[0m
[0mGET / [32m200 [0m1.452 ms - 47088[0m
[0mGET / [32m200 [0m0.519 ms - 47088[0m
[0mGET / [32m200 [0m0.514 ms - 47088[0m
[0mGET / [32m200 [0m0.580 ms - 47088[0m
[0mGET / [32m200 [0m0.624 ms - 47088[0m
[0mGET / [32m200 [0m0.613 ms - 47088[0m
[0mGET / [32m200 [0m0.516 ms - 47088[0m
[0mGET /images/ico/favicon.ico [32m200 [0m2.376 ms - 1150[0m
[0mGET / [32m200 [0m0.417 ms - 47088[0m
[0mGET / [32m200 [0m1.557 ms - 47088[0m
[0mGET /images/ico/favicon.ico [32m200 [0m0.635 ms - 1150[0m
[0mGET / [32m200 [0m0.496 ms - 47088[0m
[0mGET / [32m200 [0m0.474 ms - 47088[0m
[0mGET / [32m200 [0m0.442 ms - 47088[0m
[0mGET / [32m200 [0m0.452 ms - 47088[0m
[0mGET / [32m200 [0m0.575 ms - 47088[0m
[0mGET / [32m200 [0m0.426 ms - 47088[0m
[0mGET / [32m200 [0m0.438 ms - 47088[0m
[0mGET / [32m200 [0m0.437 ms - 47088[0m
[0mGET / [32m200 [0m0.479 ms - 47088[0m
[0mGET / [32m200 [0m0.503 ms - 47088[0m
[0mGET / [32m200 [0m0.395 ms - 47088[0m
[0mGET / [32m200 [0m0.472 ms - 47088[0m
[0mGET / [32m200 [0m0.485 ms - 47088[0m
[0mGET / [32m200 [0m0.514 ms - 47088[0m
[0mGET / [32m200 [0m0.495 ms - 47088[0m
[0mGET / [32m200 [0m0.447 ms - 47088[0m
[0mGET / [32m200 [0m0.454 ms - 47088[0m
[0mGET / [32m200 [0m7.292 ms - 47088[0m
[0mGET / [32m200 [0m0.451 ms - 47088[0m
[0mGET / [32m200 [0m0.449 ms - 47088[0m
[0mGET / [32m200 [0m0.480 ms - 47088[0m
[0mGET / [32m200 [0m0.531 ms - 47088[0m
[0mGET / [32m200 [0m0.436 ms - 47088[0m
[0mGET / [32m200 [0m0.486 ms - 47088[0m
[0mGET / [32m200 [0m0.435 ms - 47088[0m
[0mGET / [32m200 [0m1.166 ms - 47088[0m
[0mGET / [32m200 [0m3.497 ms - 47088[0m
[0mGET / [32m200 [0m0.470 ms - 47088[0m
[0mGET / [32m200 [0m0.429 ms - 47088[0m
[0mGET / [32m200 [0m2.085 ms - 47088[0m
[0mGET / [32m200 [0m0.455 ms - 47088[0m
[0mGET / [32m200 [0m0.432 ms - 47088[0m
[0mGET / [32m200 [0m0.543 ms - 47088[0m
[0mGET / [32m200 [0m0.456 ms - 47088[0m
[0mGET /images/ico/favicon.ico [32m200 [0m2.145 ms - 1150[0m
[0mGET / [32m200 [0m0.444 ms - 47088[0m
[0mGET /images/ico/favicon.ico [32m200 [0m1.590 ms - 1150[0m
[0mGET / [32m200 [0m0.438 ms - 47088[0m
[0mGET / [32m200 [0m0.443 ms - 47088[0m
[0mGET / [32m200 [0m0.406 ms - 47088[0m
[0mGET / [32m200 [0m0.560 ms - 47088[0m
[0mGET / [32m200 [0m0.455 ms - 47088[0m
[0mGET / [32m200 [0m0.503 ms - 47088[0m
[0mGET /images/ico/favicon.ico [32m200 [0m1.125 ms - 1150[0m
[0mGET / [32m200 [0m0.442 ms - 47088[0m
[0mGET / [32m200 [0m0.477 ms - 47088[0m
[0mGET / [32m200 [0m1.475 ms - 47088[0m
[0mGET / [32m200 [0m0.531 ms - 47088[0m
[0mGET / [32m200 [0m0.428 ms - 47088[0m
[0mGET / [32m200 [0m0.433 ms - 47088[0m
[0mGET http://5.188.210.12/echo.php [33m404 [0m45.794 ms - 1706[0m
[0mGET / [32m200 [0m0.500 ms - 47088[0m
[0mGET / [32m200 [0m0.439 ms - 47088[0m
[0mGET / [32m200 [0m0.567 ms - 47088[0m
[0mGET /images/ico/favicon.ico [32m200 [0m0.425 ms - 1150[0m
[0mGET / [32m200 [0m3.606 ms - 47088[0m
[0mGET / [32m200 [0m0.529 ms - 47088[0m
[0mGET / [32m200 [0m0.557 ms - 47088[0m
[0mGET / [32m200 [0m0.450 ms - 47088[0m
[0mGET / [32m200 [0m2.461 ms - 47088[0m
[0mGET / [32m200 [0m0.550 ms - 47088[0m
[0mGET / [32m200 [0m0.542 ms - 47088[0m
[0mGET / [32m200 [0m0.465 ms - 47088[0m
[0mGET /images/ico/favicon.ico [32m200 [0m0.388 ms - 1150[0m
[0mGET / [32m200 [0m0.491 ms - 47088[0m
[0mGET / [32m200 [0m1.282 ms - 47088[0m
[0mGET / [32m200 [0m0.462 ms - 47088[0m
[0mGET / [32m200 [0m0.455 ms - 47088[0m
[0mGET / [32m200 [0m0.478 ms - 47088[0m
[0mGET / [32m200 [0m0.499 ms - 47088[0m
[0mGET / [32m200 [0m0.670 ms - 47088[0m
[0mGET / [32m200 [0m0.462 ms - 47088[0m
[0mGET / [32m200 [0m0.476 ms - 47088[0m
[0mGET / [32m200 [0m4.085 ms - 47088[0m
[0mGET / [32m200 [0m0.561 ms - 47088[0m
[0mGET / [32m200 [0m2.457 ms - 47088[0m
[0mGET / [32m200 [0m0.422 ms - 47088[0m
[0mGET / [32m200 [0m0.441 ms - 47088[0m
[0mGET / [32m200 [0m0.456 ms - 47088[0m
[0mGET / [32m200 [0m1.387 ms - 47088[0m
[0mGET / [32m200 [0m0.590 ms - 47088[0m
[0mGET / [32m200 [0m1.140 ms - 47088[0m
[0mGET / [32m200 [0m0.582 ms - 47088[0m
[0mGET / [32m200 [0m0.498 ms - 47088[0m
[0mGET / [32m200 [0m4.473 ms - 47088[0m
[0mGET / [32m200 [0m0.426 ms - 47088[0m
[0mGET / [32m200 [0m0.493 ms - 47088[0m
[0mGET / [32m200 [0m3.508 ms - 47088[0m
[0mGET / [32m200 [0m3.575 ms - 47088[0m
[0mGET /images/ico/favicon.ico [32m200 [0m2.387 ms - 1150[0m
[0mPOST / [33m404 [0m89.280 ms - 1701[0m
[0mGET / [32m200 [0m1.575 ms - 47088[0m
[0mGET / [32m200 [0m0.531 ms - 47088[0m
[0mGET / [32m200 [0m0.441 ms - 47088[0m
[0mGET / [32m200 [0m0.485 ms - 47088[0m
[0mGET / [32m200 [0m0.443 ms - 47088[0m
[0mGET / [32m200 [0m0.446 ms - 47088[0m
[0mGET / [32m200 [0m0.603 ms - 47088[0m
[0mGET http://5.188.210.12/echo.php [33m404 [0m61.750 ms - 1706[0m
[0mGET / [32m200 [0m0.535 ms - 47088[0m
[0mGET / [32m200 [0m0.502 ms - 47088[0m
[0mGET /images/ico/favicon.ico [32m200 [0m2.042 ms - 1150[0m
[0mGET / [32m200 [0m0.444 ms - 47088[0m
[0mGET / [32m200 [0m0.414 ms - 47088[0m
[0mGET / [32m200 [0m0.518 ms - 47088[0m
[0mPOST / [33m404 [0m24.024 ms - 1701[0m
[0mGET / [32m200 [0m3.175 ms - 47088[0m
[0mGET /images/ico/favicon.ico [32m200 [0m0.720 ms - 1150[0m
[0mGET / [32m200 [0m0.484 ms - 47088[0m
[0mGET / [32m200 [0m0.483 ms - 47088[0m
[0mGET /images/ico/favicon.ico [32m200 [0m0.496 ms - 1150[0m
[0mGET / [32m200 [0m1.105 ms - 47088[0m
[0mGET / [32m200 [0m1.439 ms - 47088[0m
[0mGET / [32m200 [0m1.089 ms - 47088[0m
[0mGET / [32m200 [0m0.493 ms - 47088[0m
[0mGET / [32m200 [0m1.393 ms - 47088[0m
[0mGET / [32m200 [0m10.812 ms - 47088[0m
[0mGET / [32m200 [0m0.595 ms - 47088[0m
[0mGET / [32m200 [0m0.462 ms - 47088[0m
[0mGET / [32m200 [0m4.327 ms - 47088[0m
[0mGET / [32m200 [0m0.458 ms - 47088[0m
[0mGET / [32m200 [0m0.471 ms - 47088[0m
[0mGET / [32m200 [0m0.439 ms - 47088[0m
[0mGET /images/ico/favicon.ico [32m200 [0m2.598 ms - 1150[0m
[0mGET / [32m200 [0m0.537 ms - 47088[0m
[0mGET / [32m200 [0m0.479 ms - 47088[0m
[0mGET /images/ico/favicon.ico [32m200 [0m0.463 ms - 1150[0m
[0mGET / [32m200 [0m0.472 ms - 47088[0m
[0mGET / [32m200 [0m0.515 ms - 47088[0m
[0mGET http://5.188.210.12/echo.php [33m404 [0m33.953 ms - 1706[0m
[0mGET / [32m200 [0m0.507 ms - 47088[0m
[0mGET / [32m200 [0m2.714 ms - 47088[0m
[0mGET / [32m200 [0m4.366 ms - 47088[0m
[0mGET / [32m200 [0m1.361 ms - 47088[0m
[0mGET / [32m200 [0m0.435 ms - 47088[0m
[0mGET / [32m200 [0m0.413 ms - 47088[0m
[0mGET / [32m200 [0m0.571 ms - 47088[0m
[0mGET / [32m200 [0m0.538 ms - 47088[0m
[0mGET / [32m200 [0m0.550 ms - 47088[0m
[0mGET / [32m200 [0m0.469 ms - 47088[0m
[0mGET / [32m200 [0m0.466 ms - 47088[0m
[0mGET / [32m200 [0m0.579 ms - 47088[0m
[0mGET / [32m200 [0m0.475 ms - 47088[0m
[0mGET /images/ico/favicon.ico [32m200 [0m0.432 ms - 1150[0m
[0mGET / [32m200 [0m0.581 ms - 47088[0m
[0mGET / [32m200 [0m0.433 ms - 47088[0m
[0mGET / [32m200 [0m0.420 ms - 47088[0m
[0mGET / [32m200 [0m0.487 ms - 47088[0m
[0mGET / [32m200 [0m0.535 ms - 47088[0m
[0mGET / [32m200 [0m0.428 ms - 47088[0m
[0mGET /images/ico/favicon.ico [32m200 [0m0.443 ms - 1150[0m
[0mGET / [32m200 [0m0.495 ms - 47088[0m
[0mGET / [32m200 [0m0.457 ms - 47088[0m
[0mGET / [32m200 [0m0.525 ms - 47088[0m
[0mGET / [32m200 [0m10.407 ms - 47088[0m
[0mGET / [32m200 [0m0.443 ms - 47088[0m
[0mGET / [32m200 [0m2.465 ms - 47088[0m
[0mGET / [32m200 [0m1.416 ms - 47088[0m
[0mGET / [32m200 [0m0.472 ms - 47088[0m
[0mGET / [32m200 [0m2.939 ms - 47088[0m
[0mGET http://5.188.210.12/echo.php [33m404 [0m68.082 ms - 1706[0m
[0mGET / [32m200 [0m1.179 ms - 47088[0m
[0mGET / [32m200 [0m0.437 ms - 47088[0m
[0mGET / [32m200 [0m0.466 ms - 47088[0m
[0mGET / [32m200 [0m0.491 ms - 47088[0m
[0mGET / [32m200 [0m0.422 ms - 47088[0m
[0mGET / [32m200 [0m4.154 ms - 47088[0m
[0mGET / [32m200 [0m0.458 ms - 47088[0m
[0mGET / [32m200 [0m0.421 ms - 47088[0m
[0mGET / [32m200 [0m0.417 ms - 47088[0m
[0mGET / [32m200 [0m0.599 ms - 47088[0m
[0mGET / [32m200 [0m0.515 ms - 47088[0m
[0mGET / [32m200 [0m0.437 ms - 47088[0m
[0mGET / [32m200 [0m0.509 ms - 47088[0m
[0mGET /images/ico/favicon.ico [32m200 [0m2.419 ms - 1150[0m
[0mGET / [32m200 [0m5.187 ms - 47088[0m
[0mGET /images/ico/favicon.ico [32m200 [0m1.108 ms - 1150[0m
[0mGET / [32m200 [0m0.432 ms - 47088[0m
[0mGET / [32m200 [0m0.418 ms - 47088[0m
[0mGET / [32m200 [0m0.462 ms - 47088[0m
[0mGET / [32m200 [0m0.464 ms - 47088[0m
[0mGET / [32m200 [0m0.420 ms - 47088[0m
[0mGET / [32m200 [0m0.484 ms - 47088[0m
[0mGET / [32m200 [0m0.510 ms - 47088[0m
[0mGET / [32m200 [0m0.482 ms - 47088[0m
[0mGET / [32m200 [0m0.465 ms - 47088[0m
[0mGET / [32m200 [0m0.448 ms - 47088[0m
[0mGET /images/ico/favicon.ico [32m200 [0m0.427 ms - 1150[0m
[0mGET / [32m200 [0m0.446 ms - 47088[0m
[0mGET / [32m200 [0m0.483 ms - 47088[0m
[0mGET / [32m200 [0m0.476 ms - 47088[0m
[0mGET / [32m200 [0m0.451 ms - 47088[0m
[0mGET / [32m200 [0m0.478 ms - 47088[0m
[0mGET /images/ico/favicon.ico [32m200 [0m3.890 ms - 1150[0m
[0mGET / [32m200 [0m1.640 ms - 47088[0m
[0mGET / [32m200 [0m0.430 ms - 47088[0m
[0mGET / [32m200 [0m0.440 ms - 47088[0m
[0mGET / [32m200 [0m0.465 ms - 47088[0m
[0mGET / [32m200 [0m1.624 ms - 47088[0m
[0mGET / [32m200 [0m0.606 ms - 47088[0m
[0mGET / [32m200 [0m0.397 ms - 47088[0m
[0mGET /images/ico/favicon.ico [32m200 [0m0.445 ms - 1150[0m
[0mGET / [32m200 [0m6.072 ms - 47088[0m
[0mGET / [32m200 [0m0.457 ms - 47088[0m
[0mGET /images/ico/favicon.ico [32m200 [0m1.319 ms - 1150[0m
[0mGET / [32m200 [0m0.460 ms - 47088[0m
[0mGET /images/ico/favicon.ico [32m200 [0m0.396 ms - 1150[0m
[0mGET / [32m200 [0m1.195 ms - 47088[0m
[0mGET / [32m200 [0m0.455 ms - 47088[0m
[0mGET / [32m200 [0m0.472 ms - 47088[0m
[0mGET / [32m200 [0m0.475 ms - 47088[0m
[0mGET / [32m200 [0m2.804 ms - 47088[0m
[0mGET / [32m200 [0m0.489 ms - 47088[0m
[0mGET / [32m200 [0m7.789 ms - 47088[0m
[0mGET / [32m200 [0m0.473 ms - 47088[0m
[0mGET / [32m200 [0m0.446 ms - 47088[0m
[0mGET / [32m200 [0m0.453 ms - 47088[0m
[0mGET / [32m200 [0m0.561 ms - 47088[0m
[0mGET / [32m200 [0m0.437 ms - 47088[0m
[0mGET / [32m200 [0m0.427 ms - 47088[0m
[0mGET / [32m200 [0m0.481 ms - 47088[0m
[0mGET / [32m200 [0m3.141 ms - 47088[0m
[0mGET / [32m200 [0m1.376 ms - 47088[0m
[0mGET / [32m200 [0m0.419 ms - 47088[0m
[0mGET /images/ico/favicon.ico [32m200 [0m0.411 ms - 1150[0m
[0mGET / [32m200 [0m1.451 ms - 47088[0m
[0mGET / [32m200 [0m0.468 ms - 47088[0m
[0mGET / [32m200 [0m0.439 ms - 47088[0m
[0mGET / [32m200 [0m0.484 ms - 47088[0m
[0mGET / [32m200 [0m2.622 ms - 47088[0m
[0mGET / [32m200 [0m14.900 ms - 47088[0m
[0mGET / [32m200 [0m0.420 ms - 47088[0m
[0mGET / [32m200 [0m0.470 ms - 47088[0m
[0mGET / [32m200 [0m0.509 ms - 47088[0m
[0mGET / [32m200 [0m0.682 ms - 47088[0m
[0mGET / [32m200 [0m0.560 ms - 47088[0m
[0mGET / [32m200 [0m0.454 ms - 47088[0m
[0mGET /images/ico/favicon.ico [32m200 [0m2.217 ms - 1150[0m
[0mGET / [32m200 [0m5.897 ms - 47088[0m
[0mGET / [32m200 [0m0.541 ms - 47088[0m
[0mGET /images/ico/favicon.ico [32m200 [0m0.425 ms - 1150[0m
[0mGET / [32m200 [0m0.447 ms - 47088[0m
[0mGET / [32m200 [0m0.469 ms - 47088[0m
[0mGET / [32m200 [0m47.061 ms - 47088[0m
[0mGET / [32m200 [0m0.476 ms - 47088[0m
[0mGET / [32m200 [0m1.926 ms - 47088[0m
[0mGET / [32m200 [0m0.453 ms - 47088[0m
[0mGET /images/ico/favicon.ico [32m200 [0m0.431 ms - 1150[0m
[0mGET / [32m200 [0m0.447 ms - 47088[0m
[0mGET /images/ico/favicon.ico [32m200 [0m0.425 ms - 1150[0m
[0mGET / [32m200 [0m0.382 ms - 47088[0m
[0mGET / [32m200 [0m0.418 ms - 47088[0m
[0mGET / [32m200 [0m0.402 ms - 47088[0m
[0mGET / [32m200 [0m0.405 ms - 47088[0m
[0mGET / [32m200 [0m0.417 ms - 47088[0m
[0mGET / [32m200 [0m0.440 ms - 47088[0m
[0mGET / [32m200 [0m0.434 ms - 47088[0m
[0mGET / [32m200 [0m0.446 ms - 47088[0m
[0mGET / [32m200 [0m0.426 ms - 47088[0m
[0mGET / [32m200 [0m0.399 ms - 47088[0m
[0mGET / [32m200 [0m0.442 ms - 47088[0m
[0mGET / [32m200 [0m0.458 ms - 47088[0m
[0mGET / [32m200 [0m0.427 ms - 47088[0m
[0mGET / [32m200 [0m0.421 ms - 47088[0m
[0mGET / [32m200 [0m0.388 ms - 47088[0m
[0mGET / [32m200 [0m0.456 ms - 47088[0m
[0mGET / [32m200 [0m0.505 ms - 47088[0m
[0mGET / [32m200 [0m0.434 ms - 47088[0m
[0mGET / [32m200 [0m0.425 ms - 47088[0m
[0mGET /images/ico/favicon.ico [32m200 [0m3.744 ms - 1150[0m
[0mGET / [32m200 [0m0.412 ms - 47088[0m
[0mGET / [32m200 [0m0.392 ms - 47088[0m
[0mGET / [32m200 [0m0.418 ms - 47088[0m
[0mGET / [32m200 [0m0.405 ms - 47088[0m
[0mGET / [32m200 [0m0.391 ms - 47088[0m
[0mGET / [32m200 [0m1.233 ms - 47088[0m
[0mGET /images/ico/favicon.ico [32m200 [0m0.405 ms - 1150[0m
[0mGET / [32m200 [0m0.436 ms - 47088[0m
[0mGET / [32m200 [0m0.415 ms - 47088[0m
[0mGET / [32m200 [0m0.415 ms - 47088[0m
[0mGET /images/ico/favicon.ico [32m200 [0m0.452 ms - 1150[0m
[0mGET / [32m200 [0m0.383 ms - 47088[0m
[0mGET / [32m200 [0m0.413 ms - 47088[0m
[0mGET / [32m200 [0m0.447 ms - 47088[0m
[0mGET / [32m200 [0m0.432 ms - 47088[0m
[0mGET / [32m200 [0m0.415 ms - 47088[0m
[0mGET / [32m200 [0m0.421 ms - 47088[0m
[0mGET / [32m200 [0m0.409 ms - 47088[0m
[0mGET / [32m200 [0m0.392 ms - 47088[0m
[0mGET / [32m200 [0m0.407 ms - 47088[0m
[0mGET / [32m200 [0m0.422 ms - 47088[0m
[0mGET / [32m200 [0m0.414 ms - 47088[0m
[0mGET / [32m200 [0m0.408 ms - 47088[0m
[0mGET / [32m200 [0m0.404 ms - 47088[0m
[0mGET / [32m200 [0m0.435 ms - 47088[0m
[0mGET /.git/config [0m- [0m- ms - -[0m
[0mGET / [32m200 [0m0.448 ms - 47088[0m
[0mGET / [32m200 [0m0.425 ms - 47088[0m
[0mGET / [32m200 [0m0.411 ms - 47088[0m
[0mGET / [32m200 [0m0.435 ms - 47088[0m
[0mGET /test.lp [33m404 [0m89.393 ms - 1706[0m
[0mGET / [32m200 [0m2.565 ms - 47088[0m
[0mGET / [32m200 [0m0.405 ms - 47088[0m
[0mGET / [32m200 [0m0.415 ms - 47088[0m
[0mGET / [32m200 [0m0.427 ms - 47088[0m
[0mGET / [32m200 [0m0.440 ms - 47088[0m
[0mGET /test.lp [33m404 [0m33.152 ms - 1706[0m
[0mGET /test.lp [33m404 [0m15.589 ms - 1706[0m
[0mGET / [32m200 [0m0.571 ms - 47088[0m
[0mGET / [32m200 [0m0.424 ms - 47088[0m
[0mGET / [32m200 [0m0.485 ms - 47088[0m
[0mGET / [32m200 [0m0.409 ms - 47088[0m
[0mGET / [32m200 [0m0.484 ms - 47088[0m
[0mGET / [32m200 [0m0.487 ms - 47088[0m
[0mGET / [32m200 [0m0.415 ms - 47088[0m
[0mGET / [32m200 [0m0.479 ms - 47088[0m
[0mGET / [32m200 [0m0.453 ms - 47088[0m
[0mGET / [32m200 [0m1.215 ms - 47088[0m
[0mGET / [32m200 [0m0.484 ms - 47088[0m
[0mGET /images/ico/favicon.ico [32m200 [0m2.797 ms - 1150[0m
[0mGET / [32m200 [0m0.411 ms - 47088[0m
[0mGET / [32m200 [0m0.455 ms - 47088[0m
[0mGET / [32m200 [0m0.421 ms - 47088[0m
[0mGET /lua/network_load.lua?ifname=all [33m404 [0m69.690 ms - 1706[0m
[0mGET / [32m200 [0m0.457 ms - 47088[0m
[0mGET / [32m200 [0m0.417 ms - 47088[0m
[0mGET / [32m200 [0m1.553 ms - 47088[0m
[0mGET / [32m200 [0m0.431 ms - 47088[0m
[0mGET / [32m200 [0m0.435 ms - 47088[0m
[0mGET / [32m200 [0m0.400 ms - 47088[0m
[0mGET / [32m200 [0m0.488 ms - 47088[0m
[0mGET / [32m200 [0m0.494 ms - 47088[0m
[0mGET http://169.254.169.254/latest/meta-data [33m404 [0m58.439 ms - 1706[0m
[0mGET / [32m200 [0m0.424 ms - 47088[0m
[0mGET / [32m200 [0m0.432 ms - 47088[0m
[0mGET / [32m200 [0m0.443 ms - 47088[0m
[0mGET / [32m200 [0m0.425 ms - 47088[0m
[0mGET / [32m200 [0m0.437 ms - 47088[0m
[0mGET / [32m200 [0m0.406 ms - 47088[0m
[0mGET / [32m200 [0m0.419 ms - 47088[0m
[0mGET / [32m200 [0m0.394 ms - 47088[0m
[0mGET / [32m200 [0m0.411 ms - 47088[0m
[0mGET / [32m200 [0m0.461 ms - 47088[0m
[0mGET / [32m200 [0m0.410 ms - 47088[0m
[0mGET / [32m200 [0m0.407 ms - 47088[0m
[0mGET / [32m200 [0m0.437 ms - 47088[0m
[0mGET / [32m200 [0m0.420 ms - 47088[0m
[0mGET / [32m200 [0m0.421 ms - 47088[0m
[0mGET / [32m200 [0m0.446 ms - 47088[0m
[0mGET / [32m200 [0m0.461 ms - 47088[0m
[0mGET / [32m200 [0m0.411 ms - 47088[0m
[0mGET / [32m200 [0m0.392 ms - 47088[0m
[0mGET / [32m200 [0m0.403 ms - 47088[0m
[0mGET / [32m200 [0m0.437 ms - 47088[0m
[0mGET / [32m200 [0m0.436 ms - 47088[0m
[0mGET / [32m200 [0m0.409 ms - 47088[0m
[0mGET / [32m200 [0m0.430 ms - 47088[0m
[0mGET / [32m200 [0m0.420 ms - 47088[0m
[0mGET / [32m200 [0m0.445 ms - 47088[0m
[0mGET / [32m200 [0m2.441 ms - 47088[0m
[0mGET / [32m200 [0m1.209 ms - 47088[0m
[0mGET / [32m200 [0m4.851 ms - 47088[0m
[0mGET / [32m200 [0m0.395 ms - 47088[0m
[0mGET / [32m200 [0m0.431 ms - 47088[0m
[0mGET / [32m200 [0m0.404 ms - 47088[0m
[0mGET / [32m200 [0m0.927 ms - 47088[0m
[0mGET / [32m200 [0m0.405 ms - 47088[0m
[0mGET / [32m200 [0m0.385 ms - 47088[0m
[0mGET / [32m200 [0m1.352 ms - 47088[0m
[0mGET / [32m200 [0m0.418 ms - 47088[0m
[0mGET / [32m200 [0m0.420 ms - 47088[0m
[0mGET / [32m200 [0m0.452 ms - 47088[0m
[0mGET / [32m200 [0m0.403 ms - 47088[0m
[0mGET / [32m200 [0m0.397 ms - 47088[0m
[0mGET /images/ico/favicon.ico [32m200 [0m3.072 ms - 1150[0m
[0mGET / [32m200 [0m17.640 ms - 47088[0m
[0mGET / [32m200 [0m0.450 ms - 47088[0m
[0mGET / [32m200 [0m0.421 ms - 47088[0m
[0mGET /v1/agent/self [33m404 [0m59.261 ms - 1706[0m
[0mGET / [32m200 [0m0.424 ms - 47088[0m
[0mGET /images/ico/favicon.ico [32m200 [0m1.130 ms - 1150[0m
[0mGET / [32m200 [0m10.051 ms - 47088[0m
[0mGET / [32m200 [0m0.398 ms - 47088[0m
[0mGET / [32m200 [0m0.387 ms - 47088[0m
[0mGET /images/ico/favicon.ico [32m200 [0m0.411 ms - 1150[0m
[0mGET / [32m200 [0m0.446 ms - 47088[0m
[0mGET /images/ico/favicon.ico [32m200 [0m0.424 ms - 1150[0m
[0mGET / [32m200 [0m0.423 ms - 47088[0m
[0mGET / [32m200 [0m0.417 ms - 47088[0m
[0mGET /images/ico/favicon.ico [32m200 [0m0.427 ms - 1150[0m
[0mGET / [32m200 [0m0.413 ms - 47088[0m
[0mGET / [32m200 [0m0.436 ms - 47088[0m
[0mGET / [32m200 [0m0.452 ms - 47088[0m
[0mGET / [32m200 [0m0.509 ms - 47088[0m
[0mGET / [32m200 [0m0.400 ms - 47088[0m
[0mGET / [32m200 [0m0.384 ms - 47088[0m
[0mGET / [32m200 [0m0.519 ms - 47088[0m
[0mGET / [32m200 [0m0.446 ms - 47088[0m
[0mGET / [32m200 [0m0.421 ms - 47088[0m
[0mGET /admin/assets/js/views/login.js [33m404 [0m21.552 ms - 1706[0m
[0mGET / [32m200 [0m0.457 ms - 47088[0m
[0mGET / [32m200 [0m0.425 ms - 47088[0m
[0mGET / [32m200 [0m0.482 ms - 47088[0m
[0mGET / [32m200 [0m13.783 ms - 47088[0m
[0mGET / [32m200 [0m6.041 ms - 47088[0m
[0mGET / [32m200 [0m0.423 ms - 47088[0m
[0mGET / [32m200 [0m0.396 ms - 47088[0m
[0mGET / [32m200 [0m0.388 ms - 47088[0m
[0mGET / [32m200 [0m0.416 ms - 47088[0m
[0mGET / [32m200 [0m0.405 ms - 47088[0m
[0mGET / [32m200 [0m0.397 ms - 47088[0m
[0mGET /images/ico/favicon.ico [32m200 [0m1.811 ms - 1150[0m
[0mGET / [32m200 [0m1.427 ms - 47088[0m
[0mGET / [32m200 [0m0.431 ms - 47088[0m
[0mGET / [32m200 [0m0.449 ms - 47088[0m
[0mGET / [32m200 [0m0.476 ms - 47088[0m
[0mGET / [32m200 [0m0.403 ms - 47088[0m
[0mGET / [32m200 [0m1.366 ms - 47088[0m
[0mGET / [32m200 [0m0.422 ms - 47088[0m
[0mGET / [32m200 [0m0.436 ms - 47088[0m
[0mGET / [32m200 [0m0.398 ms - 47088[0m
[0mGET / [32m200 [0m0.383 ms - 47088[0m
[0mGET / [32m200 [0m0.412 ms - 47088[0m
[0mGET / [32m200 [0m1.227 ms - 47088[0m
[0mGET / [32m200 [0m0.408 ms - 47088[0m
[0mGET /images/ico/favicon.ico [32m200 [0m0.976 ms - 1150[0m
[0mGET / [32m200 [0m4.266 ms - 47088[0m
[0mGET / [32m200 [0m0.454 ms - 47088[0m
[0mGET / [32m200 [0m0.461 ms - 47088[0m
[0mGET / [32m200 [0m0.414 ms - 47088[0m
[0mGET / [32m200 [0m7.293 ms - 47088[0m
[0mGET /images/ico/favicon.ico [32m200 [0m1.096 ms - 1150[0m
[0mGET / [32m200 [0m1.126 ms - 47088[0m
[0mGET / [32m200 [0m0.410 ms - 47088[0m
[0mGET / [32m200 [0m1.859 ms - 47088[0m
[0mGET / [32m200 [0m0.437 ms - 47088[0m
[0mGET / [32m200 [0m1.388 ms - 47088[0m
[0mGET / [32m200 [0m0.382 ms - 47088[0m
[0mGET / [32m200 [0m1.179 ms - 47088[0m
[0mGET / [32m200 [0m0.437 ms - 47088[0m
[0mGET / [32m200 [0m0.409 ms - 47088[0m
[0mGET / [32m200 [0m0.398 ms - 47088[0m
[0mGET / [32m200 [0m4.234 ms - 47088[0m
[0mGET / [32m200 [0m0.416 ms - 47088[0m
[0mGET / [32m200 [0m0.469 ms - 47088[0m
[0mGET / [32m200 [0m0.914 ms - 47088[0m
[0mGET / [32m200 [0m0.457 ms - 47088[0m
[0mGET / [32m200 [0m0.403 ms - 47088[0m
[0mGET / [32m200 [0m0.410 ms - 47088[0m
[0mGET http://169.254.169.254/latest/meta-data [33m404 [0m44.094 ms - 1706[0m
[0mGET / [32m200 [0m0.439 ms - 47088[0m
[0mGET / [32m200 [0m0.400 ms - 47088[0m
[0mGET / [32m200 [0m0.391 ms - 47088[0m
[0mGET / [32m200 [0m0.411 ms - 47088[0m
[0mGET /images/ico/favicon.ico [32m200 [0m1.073 ms - 1150[0m
[0mGET / [32m200 [0m0.411 ms - 47088[0m
[0mGET / [32m200 [0m0.405 ms - 47088[0m
[0mGET / [32m200 [0m0.419 ms - 47088[0m
[0mGET / [32m200 [0m0.398 ms - 47088[0m
